<?xml version="1.0" encoding="UTF-8"?>
<!-- Generated by org.testng.reporters.JUnitReportReporter -->
<testsuite hostname="Samosa" failures="0" tests="1" name="com.ajay.learning.tests.BrowserStackTest" time="4.643" errors="0" timestamp="2025-09-14T22:40:57 IST" skipped="0">
  <testcase classname="com.ajay.learning.tests.BrowserStackTest" name="browserStackTest" time="4.643"/>
</testsuite> <!-- com.ajay.learning.tests.BrowserStackTest -->
