<?xml version="1.0" encoding="UTF-8"?>
<!-- Generated by org.testng.reporters.JUnitReportReporter -->
<testsuite hostname="Samosa" failures="0" tests="2" name="com.ajay.learning.tests.DemoQATest" time="37.129" errors="0" timestamp="2025-09-14T22:40:57 IST" skipped="0">
  <testcase classname="com.ajay.learning.tests.DemoQATest" name="fillPracticeForm" time="19.257"/>
  <testcase classname="com.ajay.learning.tests.DemoQATest" name="fillPracticeForm" time="17.872"/>
</testsuite> <!-- com.ajay.learning.tests.DemoQATest -->
