<?xml version="1.0" encoding="UTF-8"?>
<!-- Generated by org.testng.reporters.JUnitReportReporter -->
<testsuite hostname="Samosa" failures="0" tests="1" name="com.ajay.learning.AppTest" time="0.005" errors="0" timestamp="2025-09-14T22:40:57 IST" skipped="0">
  <testcase classname="com.ajay.learning.AppTest" name="shouldAnswerWithTrue" time="0.005"/>
</testsuite> <!-- com.ajay.learning.AppTest -->
