<?xml version="1.0" encoding="UTF-8"?>
<!-- Generated by org.testng.reporters.JUnitReportReporter -->
<testsuite hostname="Samosa" failures="0" tests="2" name="com.ajay.learning.tests.DemoQATest" time="64.535" errors="0" timestamp="2025-09-15T11:48:02 IST" skipped="0">
  <testcase classname="com.ajay.learning.tests.DemoQATest" name="fillPracticeForm" time="42.797"/>
  <testcase classname="com.ajay.learning.tests.DemoQATest" name="fillPracticeForm" time="21.738"/>
</testsuite> <!-- com.ajay.learning.tests.DemoQATest -->
