<?xml version="1.0" encoding="UTF-8"?>
<!-- Generated by org.testng.reporters.JUnitReportReporter -->
<testsuite hostname="Samosa" failures="0" tests="2" name="com.ajay.learning.tests.DemoQATest" time="38.605" errors="0" timestamp="2025-09-14T22:47:38 IST" skipped="0">
  <testcase classname="com.ajay.learning.tests.DemoQATest" name="fillPracticeForm" time="20.269"/>
  <testcase classname="com.ajay.learning.tests.DemoQATest" name="fillPracticeForm" time="18.336"/>
</testsuite> <!-- com.ajay.learning.tests.DemoQATest -->
